{"level":30,"time":1728800591598,"pid":21388,"hostname":"DESKTOP-4OV1VV7","msg":"Database connection success!"}
{"level":30,"time":1728802033730,"pid":19468,"hostname":"DESKTOP-4OV1VV7","msg":"Database connection success!"}
{"level":30,"time":1728802033733,"pid":19468,"hostname":"DESKTOP-4OV1VV7","msg":"Connected to the database"}
{"level":30,"time":1728802034336,"pid":19468,"hostname":"DESKTOP-4OV1VV7","msg":"Server running on port 5000"}
{"level":30,"time":1728805883739,"pid":7560,"hostname":"DESKTOP-4OV1VV7","msg":"Database connection success!"}
{"level":30,"time":1728805883741,"pid":7560,"hostname":"DESKTOP-4OV1VV7","msg":"Connected to the database"}
{"level":30,"time":1728805884889,"pid":7560,"hostname":"DESKTOP-4OV1VV7","msg":"Server running on port 5000"}
{"level":30,"time":1728806153098,"pid":660,"hostname":"DESKTOP-4OV1VV7","msg":"Database connection success!"}
{"level":30,"time":1728806153100,"pid":660,"hostname":"DESKTOP-4OV1VV7","msg":"Connected to the database"}
{"level":30,"time":1728806153413,"pid":660,"hostname":"DESKTOP-4OV1VV7","msg":"Server running on port 5000"}
{"level":30,"time":1728806386721,"pid":10964,"hostname":"DESKTOP-4OV1VV7","msg":"Database connection success!"}
{"level":30,"time":1728806386724,"pid":10964,"hostname":"DESKTOP-4OV1VV7","msg":"Connected to the database"}
{"level":30,"time":1728806387065,"pid":10964,"hostname":"DESKTOP-4OV1VV7","msg":"Server running on port 5000"}
{"level":30,"time":1728806489512,"pid":7144,"hostname":"DESKTOP-4OV1VV7","msg":"Database connection success!"}
{"level":30,"time":1728806489515,"pid":7144,"hostname":"DESKTOP-4OV1VV7","msg":"Connected to the database"}
{"level":30,"time":1728806489854,"pid":7144,"hostname":"DESKTOP-4OV1VV7","msg":"Server running on port 5000"}
{"level":30,"time":1728806555369,"pid":16696,"hostname":"DESKTOP-4OV1VV7","msg":"Database connection success!"}
{"level":30,"time":1728806555371,"pid":16696,"hostname":"DESKTOP-4OV1VV7","msg":"Connected to the database"}
{"level":30,"time":1728806555690,"pid":16696,"hostname":"DESKTOP-4OV1VV7","msg":"Server running on port 5000"}
{"level":30,"time":1728806910944,"pid":8468,"hostname":"DESKTOP-4OV1VV7","msg":"Database connection success!"}
{"level":30,"time":1728806910946,"pid":8468,"hostname":"DESKTOP-4OV1VV7","msg":"Connected to the database"}
{"level":30,"time":1728806911270,"pid":8468,"hostname":"DESKTOP-4OV1VV7","msg":"Server running on port 5000"}
{"level":30,"time":1728807466630,"pid":13384,"hostname":"DESKTOP-4OV1VV7","msg":"Database connection success!"}
{"level":30,"time":1728807466634,"pid":13384,"hostname":"DESKTOP-4OV1VV7","msg":"Connected to the database"}
{"level":30,"time":1728807505805,"pid":11392,"hostname":"DESKTOP-4OV1VV7","msg":"Database connection success!"}
{"level":30,"time":1728807505808,"pid":11392,"hostname":"DESKTOP-4OV1VV7","msg":"Connected to the database"}
{"level":30,"time":1728807506206,"pid":11392,"hostname":"DESKTOP-4OV1VV7","msg":"Server running on port 5000"}
{"level":30,"time":1728807669885,"pid":2524,"hostname":"DESKTOP-4OV1VV7","msg":"Database connection success!"}
{"level":30,"time":1728807669888,"pid":2524,"hostname":"DESKTOP-4OV1VV7","msg":"Connected to the database"}
{"level":30,"time":1728807670210,"pid":2524,"hostname":"DESKTOP-4OV1VV7","msg":"Server running on port 5000"}
{"level":30,"time":1728807966338,"pid":12572,"hostname":"DESKTOP-4OV1VV7","msg":"Database connection success!"}
{"level":30,"time":1728807966339,"pid":12572,"hostname":"DESKTOP-4OV1VV7","msg":"Connected to the database"}
{"level":30,"time":1728807966491,"pid":12572,"hostname":"DESKTOP-4OV1VV7","msg":"Server running on port 5000"}
{"level":30,"time":1728808404847,"pid":7416,"hostname":"DESKTOP-4OV1VV7","msg":"Database connection success!"}
{"level":30,"time":1728808404852,"pid":7416,"hostname":"DESKTOP-4OV1VV7","msg":"Connected to the database"}
{"level":30,"time":1728808405700,"pid":7416,"hostname":"DESKTOP-4OV1VV7","msg":"Server running on port 5000"}
{"level":30,"time":1728808647288,"pid":17280,"hostname":"DESKTOP-4OV1VV7","msg":"Database connection success!"}
{"level":30,"time":1728808647291,"pid":17280,"hostname":"DESKTOP-4OV1VV7","msg":"Connected to the database"}
{"level":30,"time":1728808647983,"pid":17280,"hostname":"DESKTOP-4OV1VV7","msg":"Server running on port 5000"}
{"level":30,"time":1728809260029,"pid":18820,"hostname":"DESKTOP-4OV1VV7","msg":"Database connection success!"}
{"level":30,"time":1728809260031,"pid":18820,"hostname":"DESKTOP-4OV1VV7","msg":"Connected to the database"}
{"level":30,"time":1728809260506,"pid":18820,"hostname":"DESKTOP-4OV1VV7","msg":"Server running on port 5000"}
{"level":30,"time":1728815844314,"pid":5952,"hostname":"DESKTOP-4OV1VV7","msg":"Database connection success!"}
{"level":30,"time":1728815844318,"pid":5952,"hostname":"DESKTOP-4OV1VV7","msg":"Connected to the database"}
{"level":30,"time":1728815844837,"pid":5952,"hostname":"DESKTOP-4OV1VV7","msg":"Server running on port 5000"}
{"level":30,"time":1728815982543,"pid":11284,"hostname":"DESKTOP-4OV1VV7","msg":"Database connection success!"}
{"level":30,"time":1728815982547,"pid":11284,"hostname":"DESKTOP-4OV1VV7","msg":"Connected to the database"}
{"level":30,"time":1728815983069,"pid":11284,"hostname":"DESKTOP-4OV1VV7","msg":"Server running on port 5000"}
{"level":30,"time":1728816163452,"pid":14504,"hostname":"DESKTOP-4OV1VV7","msg":"Database connection success!"}
{"level":30,"time":1728816163454,"pid":14504,"hostname":"DESKTOP-4OV1VV7","msg":"Connected to the database"}
{"level":30,"time":1728816163831,"pid":14504,"hostname":"DESKTOP-4OV1VV7","msg":"Server running on port 5000"}
{"level":30,"time":1728817106016,"pid":17192,"hostname":"DESKTOP-4OV1VV7","msg":"Database connection success!"}
{"level":30,"time":1728817106018,"pid":17192,"hostname":"DESKTOP-4OV1VV7","msg":"Connected to the database"}
{"level":30,"time":1728817106383,"pid":17192,"hostname":"DESKTOP-4OV1VV7","msg":"Server running on port 5000"}
{"level":30,"time":1728847545395,"pid":27208,"hostname":"Prasad_Chandima","msg":"Database connection success!"}
{"level":30,"time":1728847545395,"pid":27208,"hostname":"Prasad_Chandima","msg":"Connected to the database"}
{"level":30,"time":1728849019070,"pid":14220,"hostname":"Prasad_Chandima","msg":"Database connection success!"}
{"level":30,"time":1728849019071,"pid":14220,"hostname":"Prasad_Chandima","msg":"Connected to the database"}
{"level":30,"time":1728849059466,"pid":19180,"hostname":"Prasad_Chandima","msg":"Database connection success!"}
{"level":30,"time":1728849059467,"pid":19180,"hostname":"Prasad_Chandima","msg":"Connected to the database"}
{"level":30,"time":1728849060196,"pid":19180,"hostname":"Prasad_Chandima","msg":"Server running on port 5000"}
{"level":30,"time":1728888124103,"pid":16216,"hostname":"Prasad_Chandima","msg":"Database connection success!"}
{"level":30,"time":1728888124104,"pid":16216,"hostname":"Prasad_Chandima","msg":"Connected to the database"}
{"level":30,"time":1728888125348,"pid":16216,"hostname":"Prasad_Chandima","msg":"Server running on port 5000"}
{"level":30,"time":1728894433557,"pid":2924,"hostname":"Prasad_Chandima","msg":"Database connection success!"}
{"level":30,"time":1728894433557,"pid":2924,"hostname":"Prasad_Chandima","msg":"Connected to the database"}
{"level":30,"time":1728894433696,"pid":2924,"hostname":"Prasad_Chandima","msg":"Server running on port 5000"}
{"level":30,"time":1728897884977,"pid":20872,"hostname":"Prasad_Chandima","msg":"Database connection success!"}
{"level":30,"time":1728897884978,"pid":20872,"hostname":"Prasad_Chandima","msg":"Connected to the database"}
{"level":30,"time":1728897885068,"pid":20872,"hostname":"Prasad_Chandima","msg":"Server running on port 5000"}
{"level":30,"time":1728897901143,"pid":3772,"hostname":"Prasad_Chandima","msg":"Database connection success!"}
{"level":30,"time":1728897901144,"pid":3772,"hostname":"Prasad_Chandima","msg":"Connected to the database"}
{"level":30,"time":1728897901234,"pid":3772,"hostname":"Prasad_Chandima","msg":"Server running on port 5000"}
{"level":30,"time":1728898302488,"pid":1052,"hostname":"Prasad_Chandima","msg":"Database connection success!"}
{"level":30,"time":1728898302488,"pid":1052,"hostname":"Prasad_Chandima","msg":"Connected to the database"}
{"level":30,"time":1728898302600,"pid":1052,"hostname":"Prasad_Chandima","msg":"Server running on port 5000"}
{"level":30,"time":1728902358855,"pid":19576,"hostname":"Prasad_Chandima","msg":"Database connection success!"}
{"level":30,"time":1728902358856,"pid":19576,"hostname":"Prasad_Chandima","msg":"Connected to the database"}
{"level":30,"time":1728902358987,"pid":19576,"hostname":"Prasad_Chandima","msg":"Server running on port 5000"}
{"level":30,"time":1728923473234,"pid":3848,"hostname":"Prasad_Chandima","msg":"Database connection success!"}
{"level":30,"time":1728923473235,"pid":3848,"hostname":"Prasad_Chandima","msg":"Connected to the database"}
{"level":30,"time":1728923479054,"pid":3848,"hostname":"Prasad_Chandima","msg":"Server running on port 5000"}
{"level":30,"time":1728925002110,"pid":28116,"hostname":"Prasad_Chandima","msg":"Database connection success!"}
{"level":30,"time":1728925002111,"pid":28116,"hostname":"Prasad_Chandima","msg":"Connected to the database"}
{"level":30,"time":1728925002200,"pid":28116,"hostname":"Prasad_Chandima","msg":"Server running on port 5000"}
{"level":30,"time":1728926061900,"pid":24808,"hostname":"Prasad_Chandima","msg":"Database connection success!"}
{"level":30,"time":1728926061901,"pid":24808,"hostname":"Prasad_Chandima","msg":"Connected to the database"}
{"level":30,"time":1728926062003,"pid":24808,"hostname":"Prasad_Chandima","msg":"Server running on port 5000"}
{"level":30,"time":1728926815804,"pid":20852,"hostname":"Prasad_Chandima","msg":"Database connection success!"}
{"level":30,"time":1728926815805,"pid":20852,"hostname":"Prasad_Chandima","msg":"Connected to the database"}
{"level":30,"time":1728926815925,"pid":20852,"hostname":"Prasad_Chandima","msg":"Server running on port 5000"}
{"level":30,"time":1728928421142,"pid":22156,"hostname":"Prasad_Chandima","msg":"Database connection success!"}
{"level":30,"time":1728928421143,"pid":22156,"hostname":"Prasad_Chandima","msg":"Connected to the database"}
{"level":30,"time":1728928421258,"pid":22156,"hostname":"Prasad_Chandima","msg":"Server running on port 5000"}
{"level":30,"time":1728928883164,"pid":17644,"hostname":"Prasad_Chandima","msg":"Database connection success!"}
{"level":30,"time":1728928883164,"pid":17644,"hostname":"Prasad_Chandima","msg":"Connected to the database"}
{"level":30,"time":1728928883287,"pid":17644,"hostname":"Prasad_Chandima","msg":"Server running on port 5000"}
{"level":30,"time":1729159000082,"pid":10136,"hostname":"Prasad_Chandima","msg":"Database connection success!"}
{"level":30,"time":1729159000084,"pid":10136,"hostname":"Prasad_Chandima","msg":"Connected to the database"}
{"level":30,"time":1729159000867,"pid":10136,"hostname":"Prasad_Chandima","msg":"Server running on port 5000"}


{"level":30,"time":1729174818633,"pid":12520,"hostname":"Prasad_Chandima","msg":"Database connection success!"}
{"level":30,"time":1729174818635,"pid":12520,"hostname":"Prasad_Chandima","msg":"Connected to the database"}
{"level":30,"time":1729174820751,"pid":12520,"hostname":"Prasad_Chandima","msg":"Server running on port 5000"}
{"level":30,"time":1729181950603,"pid":14784,"hostname":"Prasad_Chandima","msg":"Database connection success!"}
{"level":30,"time":1729181950605,"pid":14784,"hostname":"Prasad_Chandima","msg":"Connected to the database"}
{"level":30,"time":1729181951710,"pid":14784,"hostname":"Prasad_Chandima","msg":"Server running on port 5000"}
{"level":30,"time":1729186879925,"pid":22364,"hostname":"Prasad_Chandima","msg":"Database connection success!"}
{"level":30,"time":1729186879926,"pid":22364,"hostname":"Prasad_Chandima","msg":"Connected to the database"}
{"level":30,"time":1729186880050,"pid":22364,"hostname":"Prasad_Chandima","msg":"Server running on port 5000"}
{"level":30,"time":1729187444528,"pid":21156,"hostname":"Prasad_Chandima","msg":"Database connection success!"}
{"level":30,"time":1729187444529,"pid":21156,"hostname":"Prasad_Chandima","msg":"Connected to the database"}
{"level":30,"time":1729187444620,"pid":21156,"hostname":"Prasad_Chandima","msg":"Server running on port 5000"}
{"level":30,"time":1729194028723,"pid":6624,"hostname":"Prasad_Chandima","msg":"Database connection success!"}
{"level":30,"time":1729194028724,"pid":6624,"hostname":"Prasad_Chandima","msg":"Connected to the database"}
{"level":30,"time":1729194029231,"pid":6624,"hostname":"Prasad_Chandima","msg":"Server running on port 5000"}
{"level":30,"time":1729194112088,"pid":25212,"hostname":"Prasad_Chandima","msg":"Database connection success!"}
{"level":30,"time":1729194112088,"pid":25212,"hostname":"Prasad_Chandima","msg":"Connected to the database"}
{"level":30,"time":1729194112182,"pid":25212,"hostname":"Prasad_Chandima","msg":"Server running on port 5000"}
{"level":30,"time":1729194241886,"pid":12628,"hostname":"Prasad_Chandima","msg":"Database connection success!"}
{"level":30,"time":1729194241887,"pid":12628,"hostname":"Prasad_Chandima","msg":"Connected to the database"}
{"level":30,"time":1729194241977,"pid":12628,"hostname":"Prasad_Chandima","msg":"Server running on port 5000"}
{"level":30,"time":1729194321453,"pid":24620,"hostname":"Prasad_Chandima","msg":"Database connection success!"}
{"level":30,"time":1729194321453,"pid":24620,"hostname":"Prasad_Chandima","msg":"Connected to the database"}
{"level":30,"time":1729194329327,"pid":6924,"hostname":"Prasad_Chandima","msg":"Database connection success!"}
{"level":30,"time":1729194329328,"pid":6924,"hostname":"Prasad_Chandima","msg":"Connected to the database"}
{"level":30,"time":1729194344061,"pid":21596,"hostname":"Prasad_Chandima","msg":"Database connection success!"}
{"level":30,"time":1729194344061,"pid":21596,"hostname":"Prasad_Chandima","msg":"Connected to the database"}
{"level":30,"time":1729194344154,"pid":21596,"hostname":"Prasad_Chandima","msg":"Server running on port 5000"}
{"level":30,"time":1729194366313,"pid":24424,"hostname":"Prasad_Chandima","msg":"Database connection success!"}
{"level":30,"time":1729194366314,"pid":24424,"hostname":"Prasad_Chandima","msg":"Connected to the database"}
{"level":30,"time":1729194383152,"pid":25500,"hostname":"Prasad_Chandima","msg":"Database connection success!"}
{"level":30,"time":1729194383153,"pid":25500,"hostname":"Prasad_Chandima","msg":"Connected to the database"}
{"level":30,"time":1729194400577,"pid":23324,"hostname":"Prasad_Chandima","msg":"Database connection success!"}
{"level":30,"time":1729194400577,"pid":23324,"hostname":"Prasad_Chandima","msg":"Connected to the database"}
{"level":30,"time":1729194400661,"pid":23324,"hostname":"Prasad_Chandima","msg":"Server running on port 5000"}
{"level":30,"time":1729194450792,"pid":3168,"hostname":"Prasad_Chandima","msg":"Database connection success!"}
{"level":30,"time":1729194450793,"pid":3168,"hostname":"Prasad_Chandima","msg":"Connected to the database"}
{"level":30,"time":1729194450917,"pid":3168,"hostname":"Prasad_Chandima","msg":"Server running on port 5000"}
{"level":30,"time":1729194485602,"pid":12520,"hostname":"Prasad_Chandima","msg":"Database connection success!"}
{"level":30,"time":1729194485603,"pid":12520,"hostname":"Prasad_Chandima","msg":"Connected to the database"}
{"level":30,"time":1729194485688,"pid":12520,"hostname":"Prasad_Chandima","msg":"Server running on port 5000"}
{"level":30,"time":1729194514858,"pid":4416,"hostname":"Prasad_Chandima","msg":"Database connection success!"}
{"level":30,"time":1729194514858,"pid":4416,"hostname":"Prasad_Chandima","msg":"Connected to the database"}
{"level":30,"time":1729194514952,"pid":4416,"hostname":"Prasad_Chandima","msg":"Server running on port 5000"}
{"level":30,"time":1729194542638,"pid":13016,"hostname":"Prasad_Chandima","msg":"Database connection success!"}
{"level":30,"time":1729194542639,"pid":13016,"hostname":"Prasad_Chandima","msg":"Connected to the database"}
{"level":30,"time":1729194542735,"pid":13016,"hostname":"Prasad_Chandima","msg":"Server running on port 5000"}
{"level":30,"time":1729339741792,"pid":12420,"hostname":"ALPHA","msg":"Database connection success!"}
{"level":30,"time":1729339741793,"pid":12420,"hostname":"ALPHA","msg":"Connected to the database"}
{"level":30,"time":1729339742144,"pid":12420,"hostname":"ALPHA","msg":"Server running on port 5000"}
{"level":30,"time":1729396223066,"pid":23488,"hostname":"ALPHA","msg":"Database connection success!"}
{"level":30,"time":1729396223067,"pid":23488,"hostname":"ALPHA","msg":"Connected to the database"}
{"level":30,"time":1729396223246,"pid":23488,"hostname":"ALPHA","msg":"Server running on port 5000"}
{"level":30,"time":1729396873652,"pid":29128,"hostname":"ALPHA","msg":"Database connection success!"}
{"level":30,"time":1729396873653,"pid":29128,"hostname":"ALPHA","msg":"Connected to the database"}
{"level":30,"time":1729396873769,"pid":29128,"hostname":"ALPHA","msg":"Server running on port 5000"}
{"level":30,"time":1729396922979,"pid":31728,"hostname":"ALPHA","msg":"Database connection success!"}
{"level":30,"time":1729396922980,"pid":31728,"hostname":"ALPHA","msg":"Connected to the database"}
{"level":30,"time":1729396923094,"pid":31728,"hostname":"ALPHA","msg":"Server running on port 5000"}
{"level":30,"time":1729397158010,"pid":19836,"hostname":"ALPHA","msg":"Database connection success!"}
{"level":30,"time":1729397158011,"pid":19836,"hostname":"ALPHA","msg":"Connected to the database"}
{"level":30,"time":1729397158127,"pid":19836,"hostname":"ALPHA","msg":"Server running on port 5000"}
{"level":30,"time":1729397444311,"pid":14772,"hostname":"ALPHA","msg":"Database connection success!"}
{"level":30,"time":1729397444312,"pid":14772,"hostname":"ALPHA","msg":"Connected to the database"}
{"level":30,"time":1729397444429,"pid":14772,"hostname":"ALPHA","msg":"Server running on port 5000"}
{"level":30,"time":1729411146042,"pid":9192,"hostname":"DESKTOP-4OV1VV7","msg":"Database connection success!"}
{"level":30,"time":1729411146045,"pid":9192,"hostname":"DESKTOP-4OV1VV7","msg":"Connected to the database"}
{"level":30,"time":1729411148437,"pid":9192,"hostname":"DESKTOP-4OV1VV7","msg":"Server running on port 5000"}
{"level":30,"time":1729412593864,"pid":3432,"hostname":"DESKTOP-4OV1VV7","msg":"Database connection success!"}
{"level":30,"time":1729412593866,"pid":3432,"hostname":"DESKTOP-4OV1VV7","msg":"Connected to the database"}
{"level":30,"time":1729412594458,"pid":3432,"hostname":"DESKTOP-4OV1VV7","msg":"Server running on port 5000"}
{"level":30,"time":1729412673899,"pid":11940,"hostname":"DESKTOP-4OV1VV7","msg":"Database connection success!"}
{"level":30,"time":1729412673901,"pid":11940,"hostname":"DESKTOP-4OV1VV7","msg":"Connected to the database"}
{"level":30,"time":1729412674497,"pid":11940,"hostname":"DESKTOP-4OV1VV7","msg":"Server running on port 5000"}
{"level":30,"time":1729412832641,"pid":14088,"hostname":"DESKTOP-4OV1VV7","msg":"Database connection success!"}
{"level":30,"time":1729412832643,"pid":14088,"hostname":"DESKTOP-4OV1VV7","msg":"Connected to the database"}
{"level":30,"time":1729412833723,"pid":14088,"hostname":"DESKTOP-4OV1VV7","msg":"Server running on port 5000"}
{"level":30,"time":1729413883975,"pid":21108,"hostname":"DESKTOP-4OV1VV7","msg":"Database connection success!"}
{"level":30,"time":1729413883977,"pid":21108,"hostname":"DESKTOP-4OV1VV7","msg":"Connected to the database"}
{"level":30,"time":1729413884590,"pid":21108,"hostname":"DESKTOP-4OV1VV7","msg":"Server running on port 5000"}
{"level":30,"time":1729414003311,"pid":8840,"hostname":"DESKTOP-4OV1VV7","msg":"Database connection success!"}
{"level":30,"time":1729414003314,"pid":8840,"hostname":"DESKTOP-4OV1VV7","msg":"Connected to the database"}
{"level":30,"time":1729414004077,"pid":8840,"hostname":"DESKTOP-4OV1VV7","msg":"Server running on port 5000"}
{"level":30,"time":1729414047113,"pid":10880,"hostname":"DESKTOP-4OV1VV7","msg":"Database connection success!"}
{"level":30,"time":1729414047115,"pid":10880,"hostname":"DESKTOP-4OV1VV7","msg":"Connected to the database"}
{"level":30,"time":1729414048335,"pid":10880,"hostname":"DESKTOP-4OV1VV7","msg":"Server running on port 5000"}
{"level":30,"time":1729414159236,"pid":17164,"hostname":"DESKTOP-4OV1VV7","msg":"Database connection success!"}
{"level":30,"time":1729414159239,"pid":17164,"hostname":"DESKTOP-4OV1VV7","msg":"Connected to the database"}
{"level":30,"time":1729414159963,"pid":17164,"hostname":"DESKTOP-4OV1VV7","msg":"Server running on port 5000"}
{"level":30,"time":1729415427894,"pid":32520,"hostname":"ALPHA","msg":"Database connection success!"}
{"level":30,"time":1729415427895,"pid":32520,"hostname":"ALPHA","msg":"Connected to the database"}
{"level":30,"time":1729415428292,"pid":32520,"hostname":"ALPHA","msg":"Server running on port 5000"}
{"level":30,"time":1729416003411,"pid":27424,"hostname":"ALPHA","msg":"Database connection success!"}
{"level":30,"time":1729416003413,"pid":27424,"hostname":"ALPHA","msg":"Connected to the database"}
{"level":30,"time":1729416003582,"pid":27424,"hostname":"ALPHA","msg":"Server running on port 5000"}
{"level":30,"time":1729416059682,"pid":27424,"hostname":"ALPHA","msg":"Email succesfully sent to: chandima2017@gmail.com"}
{"level":30,"time":1729416217574,"pid":27424,"hostname":"ALPHA","msg":"Email succesfully sent to: xaxa@g.c"}
{"level":30,"time":1729416317309,"pid":27424,"hostname":"ALPHA","msg":"Email succesfully sent to: tigerlio200065@gmail.com"}
{"level":30,"time":1729418878081,"pid":17968,"hostname":"ALPHA","msg":"Database connection success!"}
{"level":30,"time":1729418878081,"pid":17968,"hostname":"ALPHA","msg":"Connected to the database"}
{"level":30,"time":1729418878203,"pid":17968,"hostname":"ALPHA","msg":"Server running on port 5000"}
{"level":30,"time":1729420200175,"pid":13608,"hostname":"ALPHA","msg":"Database connection success!"}
{"level":30,"time":1729420200176,"pid":13608,"hostname":"ALPHA","msg":"Connected to the database"}
{"level":30,"time":1729420200213,"pid":13608,"hostname":"ALPHA","msg":"Server running on port 5000"}
{"level":30,"time":1729420353579,"pid":7440,"hostname":"ALPHA","msg":"Database connection success!"}
{"level":30,"time":1729420353581,"pid":7440,"hostname":"ALPHA","msg":"Connected to the database"}
{"level":30,"time":1729420505213,"pid":20676,"hostname":"ALPHA","msg":"Database connection success!"}
{"level":30,"time":1729420505214,"pid":20676,"hostname":"ALPHA","msg":"Connected to the database"}
{"level":30,"time":1729420505266,"pid":20676,"hostname":"ALPHA","msg":"Server running on port 5000"}
{"level":30,"time":1729420541877,"pid":33128,"hostname":"ALPHA","msg":"Database connection success!"}
{"level":30,"time":1729420541878,"pid":33128,"hostname":"ALPHA","msg":"Connected to the database"}
{"level":30,"time":1729420541948,"pid":33128,"hostname":"ALPHA","msg":"Server running on port 5000"}
{"level":30,"time":1729420634135,"pid":16816,"hostname":"ALPHA","msg":"Database connection success!"}
{"level":30,"time":1729420634136,"pid":16816,"hostname":"ALPHA","msg":"Connected to the database"}
{"level":30,"time":1729420634176,"pid":16816,"hostname":"ALPHA","msg":"Server running on port 5000"}
{"level":30,"time":1729421028813,"pid":31888,"hostname":"ALPHA","msg":"Database connection success!"}
{"level":30,"time":1729421028814,"pid":31888,"hostname":"ALPHA","msg":"Connected to the database"}
{"level":30,"time":1729421028867,"pid":31888,"hostname":"ALPHA","msg":"Server running on port 5000"}
{"level":30,"time":1729427743483,"pid":34544,"hostname":"ALPHA","msg":"Database connection success!"}
{"level":30,"time":1729427743484,"pid":34544,"hostname":"ALPHA","msg":"Connected to the database"}
{"level":30,"time":1729427743525,"pid":34544,"hostname":"ALPHA","msg":"Server running on port 5000"}
